<?xml version="1.0" encoding="UTF-8"?>
<!-- Generated by org.testng.reporters.JUnitReportReporter -->
<testsuite hostname="LTIN226766" failures="0" tests="14" name="TestCases.UI_CheckForInterestRATECalc" time="24.803" errors="0" timestamp="2024-02-08T14:06:31 IST" skipped="0">
  <testcase classname="TestCases.UI_CheckForInterestRATECalc" name="search_action" time="1.683"/>
  <testcase classname="TestCases.UI_CheckForInterestRATECalc" name="search" time="0.687"/>
  <testcase classname="TestCases.UI_CheckForInterestRATECalc" name="open_webpage" time="7.846"/>
  <testcase classname="TestCases.UI_CheckForInterestRATECalc" name="clickONCarloan" time="0.235"/>
  <testcase classname="TestCases.UI_CheckForInterestRATECalc" name="load_EMICalculator_LINK" time="9.230"/>
  <testcase classname="TestCases.UI_CheckForInterestRATECalc" name="Navigation_toNextPage" time="3.375"/>
  <testcase classname="TestCases.UI_CheckForInterestRATECalc" name="validation_Of_EMI_Calculator" time="0.253"/>
  <testcase classname="TestCases.UI_CheckForInterestRATECalc" name="validationOf_Loan_Amount_Calculator" time="0.087"/>
  <testcase classname="TestCases.UI_CheckForInterestRATECalc" name="validationOf_Loan_Tenure_Calculator" time="0.101"/>
  <testcase classname="TestCases.UI_CheckForInterestRATECalc" name="validationOf_Loan_Interest_Calculator" time="0.090"/>
  <testcase classname="TestCases.UI_CheckForInterestRATECalc" name="does_setingLoan_FeesAndCharges" time="0.631"/>
  <testcase classname="TestCases.UI_CheckForInterestRATECalc" name="needTo_NavigateToNxtPage" time="0.213"/>
  <testcase classname="TestCases.UI_CheckForInterestRATECalc" name="do_NavigateToNextPAGE" time="0.220"/>
  <testcase classname="TestCases.UI_CheckForInterestRATECalc" name="do_validation_Result" time="0.152"/>
</testsuite> <!-- TestCases.UI_CheckForInterestRATECalc -->
